Build started 5/18/2014 2:15:54 PM.
     1>Project "C:\Users\sean\Documents\Visual Studio 2013\Projects\Lab_4_Kevin_Scalabrini_Quick_Sort\Lab_4_Kevin_Scalabrini_Quick_Sort\Lab_4_Kevin_Scalabrini_Quick_Sort.vcxproj" on node 2 (Build target(s)).
     1>ClCompile:
         C:\Program Files (x86)\Microsoft Visual Studio 12.0\VC\bin\CL.exe /c /ZI /nologo /W3 /WX- /sdl /Od /Oy- /D WIN32 /D _DEBUG /D _CONSOLE /D _LIB /D _UNICODE /D UNICODE /Gm /EHsc /RTC1 /MDd /GS /fp:precise /Zc:wchar_t /Zc:forScope /Yu"stdafx.h" /Fp"Debug\Lab_4_Kevin_Scalabrini_Quick_Sort.pch" /Fo"Debug\\" /Fd"Debug\vc120.pdb" /Gd /TP /analyze- /errorReport:prompt Lab_4_Kevin_Scalabrini_Quick_Sort.cpp
         Lab_4_Kevin_Scalabrini_Quick_Sort.cpp
     1>c:\users\sean\documents\visual studio 2013\projects\lab_4_kevin_scalabrini_quick_sort\lab_4_kevin_scalabrini_quick_sort\lab_4_kevin_scalabrini_quick_sort.cpp(27): warning C4305: 'initializing' : truncation from 'double' to 'float'
     1>c:\users\sean\documents\visual studio 2013\projects\lab_4_kevin_scalabrini_quick_sort\lab_4_kevin_scalabrini_quick_sort\lab_4_kevin_scalabrini_quick_sort.cpp(32): warning C4305: 'argument' : truncation from 'double' to 'float'
       Link:
         C:\Program Files (x86)\Microsoft Visual Studio 12.0\VC\bin\link.exe /ERRORREPORT:PROMPT /OUT:"C:\Users\sean\Documents\Visual Studio 2013\Projects\Lab_4_Kevin_Scalabrini_Quick_Sort\Debug\Lab_4_Kevin_Scalabrini_Quick_Sort.exe" /INCREMENTAL /NOLOGO kernel32.lib user32.lib gdi32.lib winspool.lib comdlg32.lib advapi32.lib shell32.lib ole32.lib oleaut32.lib uuid.lib odbc32.lib odbccp32.lib /MANIFEST /MANIFESTUAC:"level='asInvoker' uiAccess='false'" /manifest:embed /DEBUG /PDB:"C:\Users\sean\Documents\Visual Studio 2013\Projects\Lab_4_Kevin_Scalabrini_Quick_Sort\Debug\Lab_4_Kevin_Scalabrini_Quick_Sort.pdb" /SUBSYSTEM:CONSOLE /TLBID:1 /DYNAMICBASE /NXCOMPAT /IMPLIB:"C:\Users\sean\Documents\Visual Studio 2013\Projects\Lab_4_Kevin_Scalabrini_Quick_Sort\Debug\Lab_4_Kevin_Scalabrini_Quick_Sort.lib" /MACHINE:X86 Debug\Lab_4_Kevin_Scalabrini_Quick_Sort.obj
         Debug\stdafx.obj
     1>Lab_4_Kevin_Scalabrini_Quick_Sort.obj : error LNK2019: unresolved external symbol "void __cdecl displayApplication(int,class std::basic_string<char,struct std::char_traits<char>,class std::allocator<char> > * const,float * const)" (?displayApplication@@YAXHQAV?$basic_string@DU?$char_traits@D@std@@V?$allocator@D@2@@std@@QAM@Z) referenced in function "void __cdecl displayAllApplications(class std::basic_string<char,struct std::char_traits<char>,class std::allocator<char> > * const,float * const,int)" (?displayAllApplications@@YAXQAV?$basic_string@DU?$char_traits@D@std@@V?$allocator@D@2@@std@@QAMH@Z)
     1>C:\Users\sean\Documents\Visual Studio 2013\Projects\Lab_4_Kevin_Scalabrini_Quick_Sort\Debug\Lab_4_Kevin_Scalabrini_Quick_Sort.exe : fatal error LNK1120: 1 unresolved externals
     1>Done Building Project "C:\Users\sean\Documents\Visual Studio 2013\Projects\Lab_4_Kevin_Scalabrini_Quick_Sort\Lab_4_Kevin_Scalabrini_Quick_Sort\Lab_4_Kevin_Scalabrini_Quick_Sort.vcxproj" (Build target(s)) -- FAILED.

Build FAILED.

Time Elapsed 00:00:06.23
