Build started 5/11/2014 11:58:37 PM.
     1>Project "c:\Users\sean\documents\visual studio 2013\Projects\Lab_3_Linear_Search_Scalabrini_Kevin\Lab_3_Linear_Search_Scalabrini_Kevin\Lab_3_Linear_Search_Scalabrini_Kevin.vcxproj" on node 2 (Build target(s)).
     1>ClCompile:
         C:\Program Files (x86)\Microsoft Visual Studio 12.0\VC\bin\CL.exe /c /ZI /nologo /W3 /WX- /sdl /Od /Oy- /D WIN32 /D _DEBUG /D _WINDOWS /D _UNICODE /D UNICODE /Gm /EHsc /RTC1 /MDd /GS /fp:precise /Zc:wchar_t /Zc:forScope /Yu"stdafx.h" /Fp"Debug\Lab_3_Linear_Search_Scalabrini_Kevin.pch" /Fo"Debug\\" /Fd"Debug\vc120.pdb" /Gd /TP /analyze- /errorReport:prompt Lab_3_Linear_Search_Scalabrini_Kevin.cpp
         Lab_3_Linear_Search_Scalabrini_Kevin.cpp
       Link:
         C:\Program Files (x86)\Microsoft Visual Studio 12.0\VC\bin\link.exe /ERRORREPORT:PROMPT /OUT:"c:\users\sean\documents\visual studio 2013\Projects\Lab_3_Linear_Search_Scalabrini_Kevin\Debug\Lab_3_Linear_Search_Scalabrini_Kevin.exe" /INCREMENTAL /NOLOGO kernel32.lib user32.lib gdi32.lib winspool.lib comdlg32.lib advapi32.lib shell32.lib ole32.lib oleaut32.lib uuid.lib odbc32.lib odbccp32.lib /MANIFEST /MANIFESTUAC:"level='asInvoker' uiAccess='false'" /manifest:embed /DEBUG /PDB:"c:\users\sean\documents\visual studio 2013\Projects\Lab_3_Linear_Search_Scalabrini_Kevin\Debug\Lab_3_Linear_Search_Scalabrini_Kevin.pdb" /SUBSYSTEM:WINDOWS /TLBID:1 /DYNAMICBASE /NXCOMPAT /IMPLIB:"c:\users\sean\documents\visual studio 2013\Projects\Lab_3_Linear_Search_Scalabrini_Kevin\Debug\Lab_3_Linear_Search_Scalabrini_Kevin.lib" /MACHINE:X86 Debug\Lab_3_Linear_Search_Scalabrini_Kevin.res
         Debug\Lab_3_Linear_Search_Scalabrini_Kevin.obj
         Debug\stdafx.obj
     1>MSVCRTD.lib(crtexew.obj) : error LNK2019: unresolved external symbol _WinMain@16 referenced in function ___tmainCRTStartup
     1>c:\users\sean\documents\visual studio 2013\Projects\Lab_3_Linear_Search_Scalabrini_Kevin\Debug\Lab_3_Linear_Search_Scalabrini_Kevin.exe : fatal error LNK1120: 1 unresolved externals
     1>Done Building Project "c:\Users\sean\documents\visual studio 2013\Projects\Lab_3_Linear_Search_Scalabrini_Kevin\Lab_3_Linear_Search_Scalabrini_Kevin\Lab_3_Linear_Search_Scalabrini_Kevin.vcxproj" (Build target(s)) -- FAILED.

Build FAILED.

Time Elapsed 00:00:01.50
